TaskManager/proguard.cfg
-optimizationpasses 5
-dontusemixedcaseclassnames
-dontskipnonpubliclibraryclasses
-dontskipnonpubliclibraryclassmembers
-dontoptimize
-dontpreverify

-libraryjars libs/android-async-http-1.3.1.jar
-libraryjars libs/android-support-v4.jar
-libraryjars libs/commons-httpclient-3.1.jar
-libraryjars libs/commons-io-2.0.1.jar
-libraryjars libs/httpclient-4.2.jar
-libraryjars libs/httpmime-4.2.jar
-libraryjars libs/gcm.jar
-libraryjars libs/gson-1.7.1.jar
-libraryjars libs/AF-Android-SDK-v2.3.1.5.2.jar

-verbose

-optimizations !code/simplification/arithmetic,!field/*,!class/merging/*

-keep public class * extends android.app.Activity
-keep public class * extends android.app.Application
-keep public class * extends android.app.Service
-keep public class * extends android.content.BroadcastReceiver
-keep public class * extends android.content.ContentProvider
-keep public class * extends android.app.backup.BackupAgentHelper
-keep public class * extends android.preference.Preference
-keep public class com.android.vending.licensing.ILicensingService

-keep class org.apache.commons.logging.** { *; }

-keep interface org.apache.http.**

-keep public class org.apache.http.**
-keep public class com.taskmanager.domain.**
-keepclassmembers class com.taskmanager.domain.** {
    public *;
}
-keepclassmembers public class org.apache.http.** {
  *;
}

-keepclasseswithmembers class * {
    native <methods>;
}

-keepclassmembers class com.melimu.app.topichighlight.** {
    public *;
}

-keepclasseswithmembers class * {
    public <init>(android.content.Context, android.util.AttributeSet);
}

-keepclasseswithmembers class * {
    public <init>(android.content.Context, android.util.AttributeSet, int);
}

-keepclassmembers class * extends android.app.Activity {
   public void *(android.view.View);
}

-keepclassmembers enum * {
    public static **[] values();
    public static ** valueOf(java.lang.String);
}


-keep class * implements android.os.Parcelable {
  public static final android.os.Parcelable$Creator *;
}

-dontwarn android.support.**
-dontwarn com.google.ads.**
-dontwarn com.google.android.gms.ads.**
-dontwarn org.apache.http.client.**,android.net.http.**,android.support.v4.view.**,android.support.v4.os.**,android.support.v4.app.**,org.apache.http.impl.conn.tsccm.**,org.apache.commons.httpclient.**,org.apache.http.client.protocol.**,org.apache.http.impl.auth.**,org.apache.http.impl.client.**,org.apache.http.impl.conn.**,org.apache.http.annotation.**,org.apache.http.protocol.**,org.apache.http.**,org.apache.http.params.**,org.apache.http.params.SyncBasicHttpParams,org.apache.http.protocol.ImmutableHttpProcessor,javax.**,java.awt.**,java.beans.**,com.sun.**, org.apache.**