TaskManager/proguard/seeds.txt
com.taskmanager.app.GCMIntentService
com.taskmanager.app.GCMIntentService: GCMIntentService()
com.taskmanager.app.MyApp
com.taskmanager.app.pulldown.api.PullToRefreshAdapterViewBase
com.taskmanager.app.pulldown.api.PullToRefreshAdapterViewBase: PullToRefreshAdapterViewBase(android.content.Context)
com.taskmanager.app.pulldown.api.PullToRefreshAdapterViewBase: PullToRefreshAdapterViewBase(android.content.Context,android.util.AttributeSet)
com.taskmanager.app.pulldown.api.PullToRefreshAdapterViewBase: PullToRefreshAdapterViewBase(android.content.Context,com.taskmanager.app.pulldown.api.PullToRefreshBase$Mode)
com.taskmanager.app.pulldown.api.PullToRefreshAdapterViewBase: PullToRefreshAdapterViewBase(android.content.Context,com.taskmanager.app.pulldown.api.PullToRefreshBase$Mode,com.taskmanager.app.pulldown.api.PullToRefreshBase$AnimationStyle)
com.taskmanager.app.pulldown.api.PullToRefreshBase
com.taskmanager.app.pulldown.api.PullToRefreshBase: PullToRefreshBase(android.content.Context)
com.taskmanager.app.pulldown.api.PullToRefreshBase: PullToRefreshBase(android.content.Context,android.util.AttributeSet)
com.taskmanager.app.pulldown.api.PullToRefreshBase: PullToRefreshBase(android.content.Context,com.taskmanager.app.pulldown.api.PullToRefreshBase$Mode)
com.taskmanager.app.pulldown.api.PullToRefreshBase: PullToRefreshBase(android.content.Context,com.taskmanager.app.pulldown.api.PullToRefreshBase$Mode,com.taskmanager.app.pulldown.api.PullToRefreshBase$AnimationStyle)
com.taskmanager.app.pulldown.api.PullToRefreshBase$AnimationStyle: com.taskmanager.app.pulldown.api.PullToRefreshBase$AnimationStyle[] values()
com.taskmanager.app.pulldown.api.PullToRefreshBase$AnimationStyle: com.taskmanager.app.pulldown.api.PullToRefreshBase$AnimationStyle valueOf(java.lang.String)
com.taskmanager.app.pulldown.api.PullToRefreshBase$Mode: com.taskmanager.app.pulldown.api.PullToRefreshBase$Mode[] values()
com.taskmanager.app.pulldown.api.PullToRefreshBase$Mode: com.taskmanager.app.pulldown.api.PullToRefreshBase$Mode valueOf(java.lang.String)
com.taskmanager.app.pulldown.api.PullToRefreshBase$Orientation: com.taskmanager.app.pulldown.api.PullToRefreshBase$Orientation[] values()
com.taskmanager.app.pulldown.api.PullToRefreshBase$Orientation: com.taskmanager.app.pulldown.api.PullToRefreshBase$Orientation valueOf(java.lang.String)
com.taskmanager.app.pulldown.api.PullToRefreshBase$State: com.taskmanager.app.pulldown.api.PullToRefreshBase$State[] values()
com.taskmanager.app.pulldown.api.PullToRefreshBase$State: com.taskmanager.app.pulldown.api.PullToRefreshBase$State valueOf(java.lang.String)
com.taskmanager.app.pulldown.api.PullToRefreshListView
com.taskmanager.app.pulldown.api.PullToRefreshListView: PullToRefreshListView(android.content.Context)
com.taskmanager.app.pulldown.api.PullToRefreshListView: PullToRefreshListView(android.content.Context,android.util.AttributeSet)
com.taskmanager.app.pulldown.api.PullToRefreshListView: PullToRefreshListView(android.content.Context,com.taskmanager.app.pulldown.api.PullToRefreshBase$Mode)
com.taskmanager.app.pulldown.api.PullToRefreshListView: PullToRefreshListView(android.content.Context,com.taskmanager.app.pulldown.api.PullToRefreshBase$Mode,com.taskmanager.app.pulldown.api.PullToRefreshBase$AnimationStyle)
...
org.apache.http.conn.params.ConnManagerParamBean
org.apache.http.conn.params.ConnManagerParamBean: ConnManagerParamBean(org.apache.http.params.HttpParams)
org.apache.http.conn.params.ConnManagerParamBean: void setTimeout(long)
org.apache.http.conn.params.ConnManagerParamBean: void setMaxTotalConnections(int)
org.apache.http.conn.params.ConnManagerParamBean: void setConnectionsPerRoute(org.apache.http.conn.params.ConnPerRouteBean)
org.apache.http.conn.params.ConnManagerParams
org.apache.http.conn.params.ConnManagerParams: int DEFAULT_MAX_TOTAL_CONNECTIONS
org.apache.http.conn.params.ConnManagerParams: org.apache.http.conn.params.ConnPerRoute DEFAULT_CONN_PER_ROUTE
org.apache.http.conn.params.ConnManagerParams: ConnManagerParams()
org.apache.http.conn.params.ConnManagerParams: long getTimeout(org.apache.http.params.HttpParams)
org.apache.http.conn.params.ConnManagerParams: void setTimeout(org.apache.http.params.HttpParams,long)
org.apache.http.conn.params.ConnManagerParams: void setMaxConnectionsPerRoute(org.apache.http.params.HttpParams,org.apache.http.conn.params.ConnPerRoute)
org.apache.http.conn.params.ConnManagerParams: org.apache.http.conn.params.ConnPerRoute getMaxConnectionsPerRoute(org.apache.http.params.HttpParams)
org.apache.http.conn.params.ConnManagerParams: void setMaxTotalConnections(org.apache.http.params.HttpParams,int)
org.apache.http.conn.params.ConnManagerParams: int getMaxTotalConnections(org.apache.http.params.HttpParams)
org.apache.http.conn.params.ConnManagerParams: void <clinit>()
org.apache.http.conn.params.ConnPerRoute
org.apache.http.conn.params.ConnPerRoute: int getMaxForRoute(org.apache.http.conn.routing.HttpRoute)
org.apache.http.conn.params.ConnPerRouteBean
org.apache.http.conn.params.ConnPerRouteBean: int DEFAULT_MAX_CONNECTIONS_PER_ROUTE
org.apache.http.conn.params.ConnPerRouteBean: java.util.concurrent.ConcurrentHashMap maxPerHostMap
org.apache.http.conn.params.ConnPerRouteBean: int defaultMax
org.apache.http.conn.params.ConnPerRouteBean: ConnPerRouteBean(int)
org.apache.http.conn.params.ConnPerRouteBean: ConnPerRouteBean()
org.apache.http.conn.params.ConnPerRouteBean: int getDefaultMax()
org.apache.http.conn.params.ConnPerRouteBean: int getDefaultMaxPerRoute()
org.apache.http.conn.params.ConnPerRouteBean: void setDefaultMaxPerRoute(int)
org.apache.http.conn.params.ConnPerRouteBean: void setMaxForRoute(org.apache.http.conn.routing.HttpRoute,int)
org.apache.http.conn.params.ConnPerRouteBean: int getMaxForRoute(org.apache.http.conn.routing.HttpRoute)
org.apache.http.conn.params.ConnPerRouteBean: void setMaxForRoutes(java.util.Map)
org.apache.http.conn.params.ConnPerRouteBean: java.lang.String toString()
org.apache.http.conn.params.ConnRoutePNames
org.apache.http.conn.params.ConnRoutePNames: java.lang.String DEFAULT_PROXY
org.apache.http.conn.params.ConnRoutePNames: java.lang.String LOCAL_ADDRESS
org.apache.http.conn.params.ConnRoutePNames: java.lang.String FORCED_ROUTE
org.apache.http.conn.params.ConnRouteParamBean
org.apache.http.conn.params.ConnRouteParamBean: ConnRouteParamBean(org.apache.http.params.HttpParams)
org.apache.http.conn.params.ConnRouteParamBean: void setDefaultProxy(org.apache.http.HttpHost)
org.apache.http.conn.params.ConnRouteParamBean: void setLocalAddress(java.net.InetAddress)
org.apache.http.conn.params.ConnRouteParamBean: void setForcedRoute(org.apache.http.conn.routing.HttpRoute)