TaskManager/proguard/mapping.txt
com.taskmanager.app.GCMIntentService -> com.taskmanager.app.GCMIntentService:
    int i -> a
    void onRegistered(android.content.Context,java.lang.String) -> c
    void onUnregistered(android.content.Context,java.lang.String) -> d
    void updateTask(java.lang.String) -> a
    void onMessage(android.content.Context,android.content.Intent) -> a
    void onDeletedMessages(android.content.Context,int) -> a
    void onError(android.content.Context,java.lang.String) -> b
    boolean onRecoverableError(android.content.Context,java.lang.String) -> a
    void generateNotification(android.content.Context,java.lang.String,long,java.lang.String,java.lang.String) -> a
    void reloadListOnScreen(android.content.Context) -> b
com.taskmanager.app.MyApp -> com.taskmanager.app.MyApp:
    com.taskmanager.app.MyApp singleInstance -> b
    java.lang.Object mSyncObject -> a
    void onCreate() -> onCreate
com.taskmanager.app.R -> com.taskmanager.app.a:
com.taskmanager.app.R$styleable -> com.taskmanager.app.b:
    int[] MySwitch -> a
    int[] PullToRefresh -> b
    int[] mySwitchTextAppearanceAttrib -> c
com.taskmanager.app.api.pulldown.internal.EmptyViewMethodAccessor -> com.taskmanager.app.a.a.a.a:
    void setEmptyViewInternal(android.view.View) -> a
com.taskmanager.app.api.pulldown.internal.FlipLoadingLayout -> com.taskmanager.app.a.a.a.b:
    android.view.animation.Animation mRotateAnimation -> f
    android.view.animation.Animation mResetRotateAnimation -> g
    int[] $SWITCH_TABLE$com$taskmanager$app$pulldown$api$PullToRefreshBase$Mode -> h
    void onLoadingDrawableSet(android.graphics.drawable.Drawable) -> a
    void onPullImpl(float) -> a
    void pullToRefreshImpl() -> a
    void refreshingImpl() -> b
    void releaseToRefreshImpl() -> c
    void resetImpl() -> d
    int getDefaultDrawableResId() -> e
    float getDrawableRotationAngle() -> p
    int[] $SWITCH_TABLE$com$taskmanager$app$pulldown$api$PullToRefreshBase$Mode() -> f
com.taskmanager.app.api.pulldown.internal.IndicatorLayout -> com.taskmanager.app.a.a.a.c:
    android.view.animation.Animation mInAnim -> a
    android.view.animation.Animation mOutAnim -> b
    android.widget.ImageView mArrowImageView -> c
    android.view.animation.Animation mRotateAnimation -> d
    android.view.animation.Animation mResetRotateAnimation -> e
    int[] $SWITCH_TABLE$com$taskmanager$app$pulldown$api$PullToRefreshBase$Mode -> f
    boolean isVisible() -> a
    void hide() -> b
    void show() -> c
    void onAnimationEnd(android.view.animation.Animation) -> onAnimationEnd
    void onAnimationRepeat(android.view.animation.Animation) -> onAnimationRepeat
    void onAnimationStart(android.view.animation.Animation) -> onAnimationStart
    void releaseToRefresh() -> d
    void pullToRefresh() -> e
    int[] $SWITCH_TABLE$com$taskmanager$app$pulldown$api$PullToRefreshBase$Mode() -> f
...
android.support.v4.view.ViewCompatGingerbread -> android.support.v4.view.be:
    int getOverScrollMode(android.view.View) -> a
android.support.v4.view.ViewCompatHC -> android.support.v4.view.bf:
    long getFrameTime() -> a
    void setLayerType(android.view.View,int,android.graphics.Paint) -> a
    int getLayerType(android.view.View) -> a
android.support.v4.view.ViewCompatICS -> android.support.v4.view.bg:
    boolean canScrollHorizontally(android.view.View,int) -> a
    void setAccessibilityDelegate(android.view.View,java.lang.Object) -> a
android.support.v4.view.ViewCompatJB -> android.support.v4.view.bh:
    void postInvalidateOnAnimation(android.view.View) -> a
    void postInvalidateOnAnimation(android.view.View,int,int,int,int) -> a
    void postOnAnimation(android.view.View,java.lang.Runnable) -> a
    int getImportantForAccessibility(android.view.View) -> b
    void setImportantForAccessibility(android.view.View,int) -> a
    android.view.ViewParent getParentForAccessibility(android.view.View) -> c
android.support.v4.view.ViewCompatJellybeanMr1 -> android.support.v4.view.bi:
    void setLayerPaint(android.view.View,android.graphics.Paint) -> a
    int getLayoutDirection(android.view.View) -> a
android.support.v4.view.ViewConfigurationCompat -> android.support.v4.view.bj:
    android.support.v4.view.ViewConfigurationCompat$ViewConfigurationVersionImpl IMPL -> a
    int getScaledPagingTouchSlop(android.view.ViewConfiguration) -> a
android.support.v4.view.ViewConfigurationCompat$BaseViewConfigurationVersionImpl -> android.support.v4.view.bk:
    int getScaledPagingTouchSlop(android.view.ViewConfiguration) -> a
android.support.v4.view.ViewConfigurationCompat$FroyoViewConfigurationVersionImpl -> android.support.v4.view.bl:
    int getScaledPagingTouchSlop(android.view.ViewConfiguration) -> a
android.support.v4.view.ViewConfigurationCompat$ViewConfigurationVersionImpl -> android.support.v4.view.bm:
    int getScaledPagingTouchSlop(android.view.ViewConfiguration) -> a
android.support.v4.view.ViewConfigurationCompatFroyo -> android.support.v4.view.bn:
    int getScaledPagingTouchSlop(android.view.ViewConfiguration) -> a
android.support.v4.view.ViewGroupCompat -> android.support.v4.view.bo:
    android.support.v4.view.ViewGroupCompat$ViewGroupCompatImpl IMPL -> a
    void setMotionEventSplittingEnabled(android.view.ViewGroup,boolean) -> a
android.support.v4.view.ViewGroupCompat$ViewGroupCompatHCImpl -> android.support.v4.view.bp:
    void setMotionEventSplittingEnabled(android.view.ViewGroup,boolean) -> a
android.support.v4.view.ViewGroupCompat$ViewGroupCompatIcsImpl -> android.support.v4.view.bq:
android.support.v4.view.ViewGroupCompat$ViewGroupCompatImpl -> android.support.v4.view.br:
    void setMotionEventSplittingEnabled(android.view.ViewGroup,boolean) -> a
android.support.v4.view.ViewGroupCompat$ViewGroupCompatJellybeanMR2Impl -> android.support.v4.view.bs:
android.support.v4.view.ViewGroupCompat$ViewGroupCompatStubImpl -> android.support.v4.view.bt:
    void setMotionEventSplittingEnabled(android.view.ViewGroup,boolean) -> a
android.support.v4.view.ViewGroupCompatHC -> android.support.v4.view.bu:
    void setMotionEventSplittingEnabled(android.view.ViewGroup,boolean) -> a