TaskManager/proguard/usage.txt
com.taskmanager.app.BuildConfig
com.taskmanager.app.ConnectionDetector
com.taskmanager.app.GCMIntentService:
    private static final java.lang.String TAG
    56:63:private void markTaskAsRead(java.lang.String)
com.taskmanager.app.Manifest
com.taskmanager.app.Manifest$permission
com.taskmanager.app.MyApp:
    16:16:public static com.taskmanager.app.MyApp getInstance()
com.taskmanager.app.R:
    10:10:public R()
com.taskmanager.app.R$anim
com.taskmanager.app.R$array
com.taskmanager.app.R$attr
com.taskmanager.app.R$color
com.taskmanager.app.R$dimen
com.taskmanager.app.R$drawable
com.taskmanager.app.R$id
com.taskmanager.app.R$layout
com.taskmanager.app.R$raw
com.taskmanager.app.R$string
com.taskmanager.app.R$style
com.taskmanager.app.R$styleable:
    public static final int MySwitch_backgroundMask
    public static final int MySwitch_drawableOff
    public static final int MySwitch_drawableOn
    public static final int MySwitch_leftBackground
    public static final int MySwitch_orientation
    public static final int MySwitch_pushStyle
    public static final int MySwitch_rightBackground
    public static final int MySwitch_switchMinHeight
    public static final int MySwitch_switchMinWidth
    public static final int MySwitch_switchPadding
    public static final int MySwitch_switchTextAppearanceAttrib
    public static final int MySwitch_textOff
    public static final int MySwitch_textOn
    public static final int MySwitch_textOnThumb
    public static final int MySwitch_thumb
    public static final int MySwitch_thumbExtraMovement
    public static final int MySwitch_thumbTextPadding
    public static final int MySwitch_track
    public static final int MySwitch_trackTextPadding
    public static final int PullToRefresh_ptrAdapterViewBackground
    public static final int PullToRefresh_ptrAnimationStyle
    public static final int PullToRefresh_ptrDrawable
    public static final int PullToRefresh_ptrDrawableBottom
    public static final int PullToRefresh_ptrDrawableEnd
    public static final int PullToRefresh_ptrDrawableStart
    public static final int PullToRefresh_ptrDrawableTop
    public static final int PullToRefresh_ptrHeaderBackground
com.taskmanager.app.api.pulldown.internal.EmptyViewMethodAccessor:
    public abstract void setEmptyView(android.view.View)
com.taskmanager.app.api.pulldown.internal.FlipLoadingLayout:
    static final int FLIP_ANIMATION_DURATION
com.taskmanager.app.api.pulldown.internal.IndicatorLayout:
    static final int DEFAULT_ROTATION_ANIMATION_DURATION
com.taskmanager.app.api.pulldown.internal.LoadingLayout:
    static final java.lang.String LOG_TAG
    298:299:public void setPullLabel(java.lang.CharSequence)
    302:303:public void setRefreshingLabel(java.lang.CharSequence)
    306:307:public void setReleaseLabel(java.lang.CharSequence)
    311:312:public void setTextTypeface(android.graphics.Typeface)
com.taskmanager.app.api.pulldown.internal.RotateLoadingLayout:
    static final int ROTATION_ANIMATION_DURATION
com.taskmanager.app.api.pulldown.internal.Utils:
    static final java.lang.String LOG_TAG
    5:5:public Utils()
com.taskmanager.app.api.pulldown.internal.ViewCompat:
    25:25:public ViewCompat()
    44:47:public static void setLayerType(android.view.View,int)
com.taskmanager.app.api.pulldown.internal.ViewCompat$SDK11
com.taskmanager.app.api.pulldown.internal.ViewCompat$SDK16:
    58:58:ViewCompat$SDK16()
com.taskmanager.app.pulldown.api.ILoadingLayout:
    public abstract void setLoadingDrawable(android.graphics.drawable.Drawable)
    public abstract void setPullLabel(java.lang.CharSequence)
    public abstract void setRefreshingLabel(java.lang.CharSequence)
    public abstract void setReleaseLabel(java.lang.CharSequence)
    public abstract void setTextTypeface(android.graphics.Typeface)
com.taskmanager.app.pulldown.api.IPullToRefresh
...
org.apache.commons.httpclient.methods.multipart.ByteArrayPartSource
org.apache.commons.httpclient.methods.multipart.FilePart
org.apache.commons.httpclient.methods.multipart.FilePartSource
org.apache.commons.httpclient.methods.multipart.MultipartRequestEntity
org.apache.commons.httpclient.methods.multipart.Part
org.apache.commons.httpclient.methods.multipart.PartBase
org.apache.commons.httpclient.methods.multipart.PartSource
org.apache.commons.httpclient.methods.multipart.StringPart
org.apache.commons.httpclient.params.DefaultHttpParams:
    78:82:public static void setHttpParamsFactory(org.apache.commons.httpclient.params.HttpParamsFactory)
    117:117:public synchronized org.apache.commons.httpclient.params.HttpParams getDefaults()
    162:165:public synchronized void setParameters(java.lang.String[],java.lang.Object)
    176:177:public void setLongParameter(java.lang.String,long)
    192:196:public double getDoubleParameter(java.lang.String,double)
    200:201:public void setDoubleParameter(java.lang.String,double)
    212:213:public void setBooleanParameter(java.lang.String,boolean)
    216:216:public boolean isParameterSet(java.lang.String)
    220:220:public boolean isParameterSetLocally(java.lang.String)
    235:236:public void clear()
org.apache.commons.httpclient.params.HostParams:
    public static final java.lang.String DEFAULT_HEADERS
    81:82:public HostParams(org.apache.commons.httpclient.params.HttpParams)
    90:91:public void setVirtualHost(java.lang.String)
    99:99:public java.lang.String getVirtualHost()
org.apache.commons.httpclient.params.HttpClientParams:
    public static final java.lang.String CONNECTION_MANAGER_TIMEOUT
    public static final java.lang.String CONNECTION_MANAGER_CLASS
    public static final java.lang.String PREEMPTIVE_AUTHENTICATION
    public static final java.lang.String REJECT_RELATIVE_REDIRECT
    public static final java.lang.String MAX_REDIRECTS
    public static final java.lang.String ALLOW_CIRCULAR_REDIRECTS
    149:150:public void setConnectionManagerTimeout(long)
    192:193:public void setAuthenticationPreemptive(boolean)
    202:204:public void makeStrict()
    208:210:public void makeLenient()
org.apache.commons.httpclient.params.HttpConnectionManagerParams:
    public static final java.lang.String MAX_HOST_CONNECTIONS
    public static final java.lang.String MAX_TOTAL_CONNECTIONS
    86:87:public void setDefaultMaxConnectionsPerHost(int)
    103:118:public void setMaxConnectionsPerHost(org.apache.commons.httpclient.HostConfiguration,int)
    129:129:public int getDefaultMaxConnectionsPerHost()
    144:155:public int getMaxConnectionsPerHost(org.apache.commons.httpclient.HostConfiguration)
    172:175:public void setMaxTotalConnections(int)
    185:185:public int getMaxTotalConnections()
org.apache.commons.httpclient.params.HttpConnectionParams:
    public static final java.lang.String SO_TIMEOUT
    public static final java.lang.String TCP_NODELAY
    public static final java.lang.String SO_SNDBUF
    public static final java.lang.String SO_RCVBUF
    public static final java.lang.String SO_LINGER
    public static final java.lang.String CONNECTION_TIMEOUT
    public static final java.lang.String STALE_CONNECTION_CHECK
    176:177:public void setTcpNoDelay(boolean)
    210:211:public void setSendBufferSize(int)
    234:235:public void setReceiveBufferSize(int)
    258:259:public void setLinger(int)
    304:305:public void setStaleCheckingEnabled(boolean)